Wallpaper no encontrado en /ruta/completa/a/tu/imagen.jpg, se estableció color sólido.
Advertencia: No se encontró agente de Polkit (GNOME o LXDE).
Advertencia: No se encontró agente de Polkit (GNOME o LXDE).
Advertencia: No se encontró agente de Polkit (GNOME o LXDE).
[Autostart] Aplicando configuración de xrandr...
[Autostart] Aplicando configuración de xrandr...
[Autostart] Advertencia: No se encontró agente de Polkit (GNOME o LXDE).
[Autostart] Script completado.
[Autostart] Aplicando configuración de xrandr...
[Autostart] Aplicando configuración de xrandr...
[Autostart] Script completado.
[Autostart] Aplicando configuración de xrandr...
[Autostart] Aplicando configuración de xrandr...
[Autostart] Script completado.
[Autostart] Aplicando configuración de xrandr...
[Autostart] Aplicando configuración de xrandr...
[Autostart] Script completado.
[Autostart] Aplicando configuración de xrandr...
[Autostart] Aplicando configuración de xrandr...
[Autostart] Script completado.
[Autostart] Aplicando configuración de xrandr...
[Autostart] Aplicando configuración de xrandr...
[Autostart] Script completado.
[Autostart] Aplicando configuración de xrandr...
[Autostart] Aplicando configuración de xrandr...
[Autostart] Script completado.
